[2024-08-22 09:47:14] [info] Start Program:
Path:"ctest"
Arguments:-C Release 
Working directory: not set.
Modules: Selected: Release Excluded: 
Sources: Selected: * Excluded: 
Log Level: Normal
Cover Children: 0
Aggregate by file: 1
Continue after C++ exception: 0
Optimized build support: 0
Export: cobertura HelloCov.xml 
Input coverage: 
Unified diff: 
Excluded line regular expressions: 
Substitute pdb source paths: 
[2024-08-22 09:47:14] [info] ----------------------------------------------------
[2024-08-22 09:47:14] [info] Cobertura report generated: HelloCov.xml
[2024-08-22 09:47:14] [info] ----------------------------------------------------
[2024-08-22 09:47:14] [info] The code coverage report is not what you expect? See the FAQ https://github.com/OpenCppCoverage/OpenCppCoverage/wiki/FAQ.
[2024-08-22 09:47:14] [warning] No modules were selected. Please check the values of --modules and --excluded_modules.
You can try to remove all --modules and --excluded_modules and use --modules=C:\Windows\System32 instead.
For additional help, see https://github.com/OpenCppCoverage/OpenCppCoverage/wiki/FAQ#coverage-report-is-empty.
